declare
*
ERROR at line 1:
ORA-21780: Maximum number of object durations exceeded. 
ORA-06512: at "PL_JOB.TORACLEJOBSHELLSCRIPT", line 50 
ORA-06512: at "PL_JOB.TORACLEJOBSHELLSCRIPT", line 58 
ORA-06512: at "PL_JOB.TORACLEJOBSHELLSCRIPT", line 58 
ORA-06512: at "PL_JOB.TORACLEJOBSHELLSCRIPT", line 58 
ORA-06512: at "PL_JOB.TORACLEJOBSHELLSCRIPT", line 58 
ORA-06512: at "PL_JOB.TORACLEJOBSHELLSCRIPT", line 58 
ORA-06512: at "PL_JOB.TORACLEJOBSHELLSCRIPT", line 58 
ORA-06512: at "PL_JOB.TORACLEJOBSHELLSCRIPT", line 58 
ORA-06512: at "PL_JOB.TORACLEJOBSHELLSCRIPT", line 58 
ORA-06512: at "PL_JOB.TORACLEJOBSHELLSCRIPT", line 58 
ORA-06512: at "PL_JOB.TORACLEJOBSHELLSCRIPT", line 58 
ORA-06512: at "PL_JOB.TORACLEJOBSHELLSCRIPT", line 58 
ORA-06512: at "PL_JOB.TORACLEJOBSHELLSCRIPT", line 58 
ORA-06512: at "PL_JOB.TORACLEJOBSHELLSCRIPT", line 58 
ORA-06512: at "PL_JOB.TORACLEJOBSHELLSCRIPT", line 58 
ORA-06512: at "PL_JOB.TORACLEJOBSHELLSCRIPT", line 58 
ORA-06512: at "PL_JOB.TORACLEJOBSHELLSCRIPT", line 58 
ORA-06512: at "PL_JOB.TORACLEJOBSHELLSCRIPT", line 58 
ORA-06512: at "PL_JOB.TORACLEJOBSHELLSCRIPT", line 58 
ORA-06512: at "PL_JOB.TORACLEJOBSHELLSCRIPT", line 58 
ORA-06512: at "PL_JOB.TORACLEJOBSHELLSCRIPT", line 58 
ORA-06512: at "PL_JOB.TORACLEJOBSHELLSCRIPT", line 58 
ORA-06512: at "PL_JOB.TORACLEJOBSHELLSCRIPT", line 58 
ORA-06512: at "PL_JOB.TORACLEJOBSHELLSCRIPT", line 58 
ORA-06512: at "PL_JOB.TORACLEJOBSHELLSCRIPT", line 58 
ORA-06512: at "PL_JOB.TORACLEJOBSHELLSCRIPT", line 58 
ORA-06512: at "PL_JOB.TORACLEJOBSHELLSCRIPT", line 58 
ORA-06512: at "PL_JOB.TORACLEJOBSHELLSCRIPT", line 58 
ORA-06512: at "PL_JOB.TORACLEJOBSHELLSCRIPT", line 58 
ORA-06512: at "PL_JOB.TORACLEJOBSHELLSCRIPT", line 58 
ORA-06512: at "PL_JOB.TORACLEJOBSHELLSCRIPT", line 58 


